#-----------------------------------------------------------
# Vivado v2018.2.1 (64-bit)
# SW Build 2288692 on Thu Jul 26 18:24:02 MDT 2018
# IP Build 2289599 on Thu Jul 26 21:09:20 MDT 2018
# Start of session at: Tue Oct 30 17:13:46 2018
# Process ID: 13352
# Current directory: C:/Users/daniele/vivadoVHDL/DLX_v2
# Command line: vivado.exe -gui_launcher_event rodinguilauncherevent7116 C:\Users\daniele\vivadoVHDL\DLX_v2\DLX_v2.xpr
# Log file: C:/Users/daniele/vivadoVHDL/DLX_v2/vivado.log
# Journal file: C:/Users/daniele/vivadoVHDL/DLX_v2\vivado.jou
#-----------------------------------------------------------
start_gui
open_project C:/Users/daniele/vivadoVHDL/DLX_v2/DLX_v2.xpr
INFO: [Project 1-313] Project file moved from 'C:/Users/daniele/vivadoVHDL/DLX_v2_0.5/DLX_v2' since last save.
Scanning sources...
Finished scanning sources
INFO: [IP_Flow 19-234] Refreshing IP repositories
INFO: [IP_Flow 19-1704] No user IP repositories specified
INFO: [IP_Flow 19-2313] Loaded Vivado IP repository 'C:/Xilinx/Vivado/2018.2/data/ip'.
open_project: Time (s): cpu = 00:00:13 ; elapsed = 00:00:07 . Memory (MB): peak = 772.715 ; gain = 53.508
update_compile_order -fileset sources_1
exit
INFO: [Common 17-206] Exiting Vivado at Tue Oct 30 17:16:51 2018...
